# JRE version: Java(TM) SE Runtime Environment (17.0.12+8) (build 17.0.12+8-LTS-286)
# Java VM: Java HotSpot(TM) 64-Bit Server VM (17.0.12+8-LTS-286, mixed mode, sharing, tiered, compressed oops, compressed class ptrs, g1 gc, windows-amd64)
GC Precious Log:
 CPUs: 12 total, 12 available
 Memory: 16016M
 Large Page Support: Disabled
 NUMA Support: Disabled
 Compressed Oops: Enabled (32-bit)
 Heap Region Size: 1M
 Heap Min Capacity: 8M
 Heap Initial Capacity: 252M
 Heap Max Capacity: 1536M
 Pre-touch: Disabled
 Parallel Workers: 10
 Concurrent Workers: 3
 Concurrent Refinement Workers: 10
 Periodic GC: Disabled
Heap:
 garbage-first heap   total 89088K, used 31760K [0x00000000a0000000, 0x0000000100000000)
  region size 1024K, 7 young (7168K), 6 survivors (6144K)
 Metaspace       used 35561K, committed 36096K, reserved 393216K
  class space    used 5017K, committed 5248K, reserved 327680K
GC Heap History (14 events):
Event: 0.295 GC heap before
{Heap before GC invocations=0 (full 0):
 garbage-first heap   total 258048K, used 22528K [0x00000000a0000000, 0x0000000100000000)
  region size 1024K, 23 young (23552K), 0 survivors (0K)
 Metaspace       used 856K, committed 960K, reserved 393216K
  class space    used 63K, committed 128K, reserved 327680K
}
Event: 0.298 GC heap after
{Heap after GC invocations=1 (full 0):
 garbage-first heap   total 258048K, used 1663K [0x00000000a0000000, 0x0000000100000000)
  region size 1024K, 2 young (2048K), 2 survivors (2048K)
 Metaspace       used 856K, committed 960K, reserved 393216K
  class space    used 63K, committed 128K, reserved 327680K
}
Event: 0.994 GC heap before
{Heap before GC invocations=1 (full 0):
 garbage-first heap   total 258048K, used 41599K [0x00000000a0000000, 0x0000000100000000)
  region size 1024K, 38 young (38912K), 2 survivors (2048K)
 Metaspace       used 4533K, committed 4672K, reserved 393216K
  class space    used 570K, committed 640K, reserved 327680K
}
Event: 0.999 GC heap after
{Heap after GC invocations=2 (full 0):
 garbage-first heap   total 258048K, used 11745K [0x00000000a0000000, 0x0000000100000000)
  region size 1024K, 5 young (5120K), 5 survivors (5120K)
 Metaspace       used 4533K, committed 4672K, reserved 393216K
  class space    used 570K, committed 640K, reserved 327680K
}
Event: 1.750 GC heap before
{Heap before GC invocations=2 (full 0):
 garbage-first heap   total 258048K, used 72161K [0x00000000a0000000, 0x0000000100000000)
  region size 1024K, 62 young (63488K), 5 survivors (5120K)
 Metaspace       used 6572K, committed 6720K, reserved 393216K
  class space    used 877K, committed 960K, reserved 327680K
}
Event: 1.757 GC heap after
{Heap after GC invocations=3 (full 0):
 garbage-first heap   total 258048K, used 19054K [0x00000000a0000000, 0x0000000100000000)
  region size 1024K, 6 young (6144K), 6 survivors (6144K)
 Metaspace       used 6572K, committed 6720K, reserved 393216K
  class space    used 877K, committed 960K, reserved 327680K
}
Event: 4.065 GC heap before
{Heap before GC invocations=3 (full 0):
 garbage-first heap   total 258048K, used 111214K [0x00000000a0000000, 0x0000000100000000)
  region size 1024K, 96 young (98304K), 6 survivors (6144K)
 Metaspace       used 21208K, committed 21504K, reserved 393216K
  class space    used 2922K, committed 3072K, reserved 327680K
}
Event: 4.073 GC heap after
{Heap after GC invocations=4 (full 0):
 garbage-first heap   total 258048K, used 24484K [0x00000000a0000000, 0x0000000100000000)
  region size 1024K, 12 young (12288K), 12 survivors (12288K)
 Metaspace       used 21208K, committed 21504K, reserved 393216K
  class space    used 2922K, committed 3072K, reserved 327680K
}
Event: 26.003 GC heap before
{Heap before GC invocations=5 (full 0):
 garbage-first heap   total 89088K, used 65444K [0x00000000a0000000, 0x0000000100000000)
  region size 1024K, 52 young (53248K), 12 survivors (12288K)
 Metaspace       used 26137K, committed 26496K, reserved 393216K
  class space    used 3682K, committed 3840K, reserved 327680K
}
Event: 26.010 GC heap after
{Heap after GC invocations=6 (full 0):
 garbage-first heap   total 89088K, used 26669K [0x00000000a0000000, 0x0000000100000000)
  region size 1024K, 3 young (3072K), 3 survivors (3072K)
 Metaspace       used 26137K, committed 26496K, reserved 393216K
  class space    used 3682K, committed 3840K, reserved 327680K
}
Event: 26.696 GC heap before
{Heap before GC invocations=6 (full 0):
 garbage-first heap   total 89088K, used 63533K [0x00000000a0000000, 0x0000000100000000)
  region size 1024K, 40 young (40960K), 3 survivors (3072K)
 Metaspace       used 31399K, committed 31808K, reserved 393216K
  class space    used 4345K, committed 4544K, reserved 327680K
}
Event: 26.699 GC heap after
{Heap after GC invocations=7 (full 0):
 garbage-first heap   total 89088K, used 28507K [0x00000000a0000000, 0x0000000100000000)
  region size 1024K, 5 young (5120K), 5 survivors (5120K)
 Metaspace       used 31399K, committed 31808K, reserved 393216K
  class space    used 4345K, committed 4544K, reserved 327680K
}
Event: 27.440 GC heap before
{Heap before GC invocations=7 (full 0):
 garbage-first heap   total 89088K, used 60251K [0x00000000a0000000, 0x0000000100000000)
  region size 1024K, 37 young (37888K), 5 survivors (5120K)
 Metaspace       used 35471K, committed 35968K, reserved 393216K
  class space    used 4997K, committed 5248K, reserved 327680K
}
Event: 27.446 GC heap after
{Heap after GC invocations=8 (full 0):
 garbage-first heap   total 89088K, used 31760K [0x00000000a0000000, 0x0000000100000000)
  region size 1024K, 6 young (6144K), 6 survivors (6144K)
 Metaspace       used 35471K, committed 35968K, reserved 393216K
  class space    used 4997K, committed 5248K, reserved 327680K
}

